[2016-10-09 14:42:32] name.INFO: DB Connection Pool Server Start. [] []
[2016-10-09 14:42:32] name.INFO: Worker start #9 [] []
[2016-10-09 14:42:32] name.INFO: Worker start #8 [] []
[2016-10-09 14:42:32] name.INFO: Worker start #10 [] []
[2016-10-09 14:42:32] name.INFO: Worker start #11 [] []
[2016-10-09 14:42:32] name.INFO: Worker start #13 [] []
[2016-10-09 14:42:32] name.INFO: Worker start #12 [] []
[2016-10-09 14:42:32] name.INFO: Worker start #14 [] []
[2016-10-09 14:42:32] name.INFO: Worker start #15 [] []
[2016-10-09 14:42:32] name.INFO: Worker start #0 [] []
[2016-10-09 14:42:32] name.INFO: Worker start #1 [] []
[2016-10-09 14:42:32] name.INFO: Worker start #4 [] []
[2016-10-09 14:42:32] name.INFO: Worker start #2 [] []
[2016-10-09 14:42:32] name.INFO: Worker start #3 [] []
[2016-10-09 14:42:32] name.INFO: Worker start #5 [] []
[2016-10-09 14:42:32] name.INFO: Worker start #6 [] []
[2016-10-09 14:42:32] name.INFO: Worker start #7 [] []
[2016-10-09 14:45:52] SCPS.INFO: DB Connection Pool Server Start. [] []
[2016-10-09 14:45:52] SCPS.INFO: Worker start #9 [] []
[2016-10-09 14:45:52] SCPS.INFO: Worker start #10 [] []
[2016-10-09 14:45:52] SCPS.INFO: Worker start #11 [] []
[2016-10-09 14:45:52] SCPS.INFO: Worker start #8 [] []
[2016-10-09 14:45:52] SCPS.INFO: Worker start #12 [] []
[2016-10-09 14:45:52] SCPS.INFO: Worker start #13 [] []
[2016-10-09 14:45:52] SCPS.INFO: Worker start #14 [] []
[2016-10-09 14:45:52] SCPS.INFO: Worker start #15 [] []
[2016-10-09 14:45:52] SCPS.INFO: Tasker start #0 [] []
[2016-10-09 14:45:52] SCPS.INFO: Worker start #2 [] []
[2016-10-09 14:45:52] SCPS.INFO: Worker start #1 [] []
[2016-10-09 14:45:52] SCPS.INFO: Worker start #3 [] []
[2016-10-09 14:45:52] SCPS.INFO: Worker start #4 [] []
[2016-10-09 14:45:52] SCPS.INFO: Worker start #6 [] []
[2016-10-09 14:45:52] SCPS.INFO: Worker start #5 [] []
[2016-10-09 14:45:52] SCPS.INFO: Worker start #7 [] []
[2016-10-09 14:46:23] SCPS.INFO: Tasker start #8 [] []
[2016-10-09 14:46:23] SCPS.INFO: Worker start #9 [] []
[2016-10-09 14:46:23] SCPS.INFO: Worker start #10 [] []
[2016-10-09 14:46:23] SCPS.INFO: Worker start #11 [] []
[2016-10-09 14:46:23] SCPS.INFO: Worker start #13 [] []
[2016-10-09 14:46:23] SCPS.INFO: DB Connection Pool Server Start. [] []
[2016-10-09 14:46:23] SCPS.INFO: Worker start #12 [] []
[2016-10-09 14:46:23] SCPS.INFO: Worker start #14 [] []
[2016-10-09 14:46:23] SCPS.INFO: Worker start #15 [] []
[2016-10-09 14:46:23] SCPS.INFO: Tasker start #0 [] []
[2016-10-09 14:46:23] SCPS.INFO: Tasker start #1 [] []
[2016-10-09 14:46:23] SCPS.INFO: Tasker start #2 [] []
[2016-10-09 14:46:23] SCPS.INFO: Tasker start #3 [] []
[2016-10-09 14:46:23] SCPS.INFO: Tasker start #4 [] []
[2016-10-09 14:46:23] SCPS.INFO: Tasker start #5 [] []
[2016-10-09 14:46:23] SCPS.INFO: Tasker start #6 [] []
[2016-10-09 14:46:23] SCPS.INFO: Tasker start #7 [] []
[2016-10-09 14:46:55] SCPS.INFO: DB Connection Pool Server Start. [] []
[2016-10-09 14:46:55] SCPS.INFO: Tasker start #9 [] []
[2016-10-09 14:46:55] SCPS.INFO: Tasker start #8 [] []
[2016-10-09 14:46:55] SCPS.INFO: Tasker start #10 [] []
[2016-10-09 14:46:55] SCPS.INFO: Tasker start #11 [] []
[2016-10-09 14:46:55] SCPS.INFO: Tasker start #13 [] []
[2016-10-09 14:46:55] SCPS.INFO: Tasker start #14 [] []
[2016-10-09 14:46:55] SCPS.INFO: Tasker start #12 [] []
[2016-10-09 14:46:55] SCPS.INFO: Tasker start #15 [] []
[2016-10-09 14:46:55] SCPS.INFO: Worker start #0 [] []
[2016-10-09 14:46:55] SCPS.INFO: Worker start #1 [] []
[2016-10-09 14:46:55] SCPS.INFO: Worker start #2 [] []
[2016-10-09 14:46:55] SCPS.INFO: Worker start #3 [] []
[2016-10-09 14:46:55] SCPS.INFO: Worker start #4 [] []
[2016-10-09 14:46:55] SCPS.INFO: Worker start #5 [] []
[2016-10-09 14:46:55] SCPS.INFO: Worker start #6 [] []
[2016-10-09 14:46:55] SCPS.INFO: Worker start #7 [] []
[2016-10-09 15:01:42] SCPS.INFO: DB Connection Pool Server Start. [] []
[2016-10-09 15:01:42] SCPS.INFO: Tasker start #9 [] []
[2016-10-09 15:01:42] SCPS.INFO: Tasker start #8 [] []
[2016-10-09 15:01:42] SCPS.INFO: Tasker start #10 [] []
[2016-10-09 15:01:42] SCPS.INFO: Tasker start #11 [] []
[2016-10-09 15:01:42] SCPS.INFO: Tasker start #13 [] []
[2016-10-09 15:01:42] SCPS.INFO: Tasker start #12 [] []
[2016-10-09 15:01:42] SCPS.INFO: Tasker start #14 [] []
[2016-10-09 15:01:42] SCPS.INFO: Tasker start #15 [] []
[2016-10-09 15:01:42] SCPS.INFO: Worker start #0 [] []
[2016-10-09 15:01:42] SCPS.INFO: Worker start #1 [] []
[2016-10-09 15:01:42] SCPS.INFO: Worker start #3 [] []
[2016-10-09 15:01:42] SCPS.INFO: Worker start #2 [] []
[2016-10-09 15:01:42] SCPS.INFO: Worker start #4 [] []
[2016-10-09 15:01:42] SCPS.INFO: Worker start #5 [] []
[2016-10-09 15:01:42] SCPS.INFO: Worker start #6 [] []
[2016-10-09 15:01:42] SCPS.INFO: Worker start #7 [] []
[2016-10-09 16:10:31] SCPS.INFO: Worker start #0 [] []
[2016-10-09 16:11:34] SCPS.INFO: DB Connection Pool Server Start. [] []
[2016-10-09 16:11:34] SCPS.INFO: Tasker start #8 [] []
[2016-10-09 16:11:34] SCPS.INFO: Tasker start #9 [] []
[2016-10-09 16:11:34] SCPS.INFO: Tasker start #10 [] []
[2016-10-09 16:11:34] SCPS.INFO: Tasker start #11 [] []
[2016-10-09 16:11:34] SCPS.INFO: Tasker start #12 [] []
[2016-10-09 16:11:34] SCPS.INFO: Tasker start #14 [] []
[2016-10-09 16:11:34] SCPS.INFO: Tasker start #13 [] []
[2016-10-09 16:11:34] SCPS.INFO: Tasker start #15 [] []
[2016-10-09 16:11:34] SCPS.INFO: Worker start #0 [] []
[2016-10-09 16:11:34] SCPS.INFO: Worker start #1 [] []
[2016-10-09 16:11:34] SCPS.INFO: Worker start #2 [] []
[2016-10-09 16:11:34] SCPS.INFO: Worker start #3 [] []
[2016-10-09 16:11:34] SCPS.INFO: Worker start #4 [] []
[2016-10-09 16:11:34] SCPS.INFO: Worker start #5 [] []
[2016-10-09 16:11:34] SCPS.INFO: Worker start #6 [] []
[2016-10-09 16:11:34] SCPS.INFO: Worker start #7 [] []
[2016-10-09 16:11:39] SCPS.INFO: Receive message from 1. [] []
[2016-10-09 16:11:39] SCPS.INFO: Execute task 0 [] []
[2016-10-09 16:12:34] SCPS.INFO: DB Connection Pool Server Start. [] []
[2016-10-09 16:12:34] SCPS.INFO: Tasker start #8 [] []
[2016-10-09 16:12:34] SCPS.INFO: Tasker start #9 [] []
[2016-10-09 16:12:34] SCPS.INFO: Tasker start #10 [] []
[2016-10-09 16:12:34] SCPS.INFO: Tasker start #11 [] []
[2016-10-09 16:12:34] SCPS.INFO: Tasker start #12 [] []
[2016-10-09 16:12:34] SCPS.INFO: Tasker start #13 [] []
[2016-10-09 16:12:34] SCPS.INFO: Tasker start #14 [] []
[2016-10-09 16:12:34] SCPS.INFO: Tasker start #15 [] []
[2016-10-09 16:12:34] SCPS.INFO: Worker start #0 [] []
[2016-10-09 16:12:34] SCPS.INFO: Worker start #1 [] []
[2016-10-09 16:12:34] SCPS.INFO: Worker start #2 [] []
[2016-10-09 16:12:34] SCPS.INFO: Worker start #3 [] []
[2016-10-09 16:12:34] SCPS.INFO: Worker start #4 [] []
[2016-10-09 16:12:34] SCPS.INFO: Worker start #6 [] []
[2016-10-09 16:12:34] SCPS.INFO: Worker start #5 [] []
[2016-10-09 16:12:34] SCPS.INFO: Worker start #7 [] []
[2016-10-09 16:12:38] SCPS.INFO: Receive message from 1. [] []
[2016-10-09 16:12:38] SCPS.INFO: Execute task 0 [] []
[2016-10-09 16:12:38] SCPS.INFO: Tasker start #8 [] []
[2016-10-09 16:13:44] SCPS.INFO: DB Connection Pool Server Start. [] []
[2016-10-09 16:13:44] SCPS.INFO: Tasker start #9 [] []
[2016-10-09 16:13:44] SCPS.INFO: Tasker start #8 [] []
[2016-10-09 16:13:44] SCPS.INFO: Tasker start #10 [] []
[2016-10-09 16:13:44] SCPS.INFO: Tasker start #12 [] []
[2016-10-09 16:13:44] SCPS.INFO: Tasker start #11 [] []
[2016-10-09 16:13:44] SCPS.INFO: Tasker start #14 [] []
[2016-10-09 16:13:44] SCPS.INFO: Tasker start #13 [] []
[2016-10-09 16:13:44] SCPS.INFO: Tasker start #15 [] []
[2016-10-09 16:13:44] SCPS.INFO: Worker start #0 [] []
[2016-10-09 16:13:44] SCPS.INFO: Worker start #1 [] []
[2016-10-09 16:13:44] SCPS.INFO: Worker start #2 [] []
[2016-10-09 16:13:44] SCPS.INFO: Worker start #4 [] []
[2016-10-09 16:13:44] SCPS.INFO: Worker start #3 [] []
[2016-10-09 16:13:44] SCPS.INFO: Worker start #5 [] []
[2016-10-09 16:13:44] SCPS.INFO: Worker start #6 [] []
[2016-10-09 16:13:44] SCPS.INFO: Worker start #7 [] []
[2016-10-09 16:14:32] SCPS.INFO: DB Connection Pool Server Start. [] []
[2016-10-09 16:14:32] SCPS.INFO: Tasker start #8 [] []
[2016-10-09 16:14:32] SCPS.INFO: Tasker start #9 [] []
[2016-10-09 16:14:32] SCPS.INFO: Tasker start #10 [] []
[2016-10-09 16:14:32] SCPS.INFO: Tasker start #11 [] []
[2016-10-09 16:14:32] SCPS.INFO: Tasker start #12 [] []
[2016-10-09 16:14:32] SCPS.INFO: Tasker start #13 [] []
[2016-10-09 16:14:32] SCPS.INFO: Tasker start #14 [] []
[2016-10-09 16:14:32] SCPS.INFO: Tasker start #15 [] []
[2016-10-09 16:14:32] SCPS.INFO: Worker start #0 [] []
[2016-10-09 16:14:32] SCPS.INFO: Worker start #1 [] []
[2016-10-09 16:14:32] SCPS.INFO: Worker start #2 [] []
[2016-10-09 16:14:32] SCPS.INFO: Worker start #3 [] []
[2016-10-09 16:14:32] SCPS.INFO: Worker start #4 [] []
[2016-10-09 16:14:32] SCPS.INFO: Worker start #5 [] []
[2016-10-09 16:14:32] SCPS.INFO: Worker start #6 [] []
[2016-10-09 16:14:32] SCPS.INFO: Worker start #7 [] []
[2016-10-09 16:14:37] SCPS.INFO: Receive message from 1. [] []
[2016-10-09 16:14:37] SCPS.INFO: Execute task 0 [] []
[2016-10-09 16:15:00] SCPS.INFO: Tasker start #8 [] []
[2016-10-09 16:15:00] SCPS.INFO: Tasker start #9 [] []
[2016-10-09 16:15:00] SCPS.INFO: DB Connection Pool Server Start. [] []
[2016-10-09 16:15:00] SCPS.INFO: Tasker start #10 [] []
[2016-10-09 16:15:00] SCPS.INFO: Tasker start #12 [] []
[2016-10-09 16:15:00] SCPS.INFO: Tasker start #11 [] []
[2016-10-09 16:15:00] SCPS.INFO: Tasker start #13 [] []
[2016-10-09 16:15:00] SCPS.INFO: Tasker start #14 [] []
[2016-10-09 16:15:00] SCPS.INFO: Tasker start #15 [] []
[2016-10-09 16:15:00] SCPS.INFO: Worker start #0 [] []
[2016-10-09 16:15:00] SCPS.INFO: Worker start #1 [] []
[2016-10-09 16:15:00] SCPS.INFO: Worker start #3 [] []
[2016-10-09 16:15:00] SCPS.INFO: Worker start #4 [] []
[2016-10-09 16:15:00] SCPS.INFO: Worker start #2 [] []
[2016-10-09 16:15:00] SCPS.INFO: Worker start #5 [] []
[2016-10-09 16:15:00] SCPS.INFO: Worker start #6 [] []
[2016-10-09 16:15:00] SCPS.INFO: Worker start #7 [] []
[2016-10-09 16:15:03] SCPS.INFO: Receive message from 1. [] []
[2016-10-09 16:15:03] SCPS.INFO: Execute task 0 [] []
[2016-10-09 16:15:57] SCPS.INFO: Tasker start #9 [] []
[2016-10-09 16:15:57] SCPS.INFO: Tasker start #8 [] []
[2016-10-09 16:15:57] SCPS.INFO: Tasker start #11 [] []
[2016-10-09 16:15:57] SCPS.INFO: Tasker start #12 [] []
[2016-10-09 16:15:57] SCPS.INFO: Tasker start #10 [] []
[2016-10-09 16:15:57] SCPS.INFO: Tasker start #13 [] []
[2016-10-09 16:15:57] SCPS.INFO: Tasker start #15 [] []
[2016-10-09 16:15:57] SCPS.INFO: Tasker start #14 [] []
[2016-10-09 16:15:57] SCPS.INFO: DB Connection Pool Server Start. [] []
[2016-10-09 16:15:57] SCPS.INFO: Worker start #0 [] []
[2016-10-09 16:15:57] SCPS.INFO: Worker start #1 [] []
[2016-10-09 16:15:57] SCPS.INFO: Worker start #2 [] []
[2016-10-09 16:15:57] SCPS.INFO: Worker start #3 [] []
[2016-10-09 16:15:57] SCPS.INFO: Worker start #5 [] []
[2016-10-09 16:15:57] SCPS.INFO: Worker start #4 [] []
[2016-10-09 16:15:57] SCPS.INFO: Worker start #6 [] []
[2016-10-09 16:15:57] SCPS.INFO: Worker start #7 [] []
[2016-10-09 16:16:01] SCPS.INFO: Receive message from 1. [] []
[2016-10-09 16:16:01] SCPS.INFO: Execute task 0 [] []
